<?xml version="1.0" encoding="UTF-8"?>
<Site BuildName="(empty)"
	BuildStamp="20240617-0319-Experimental"
	Name="Cam-Vivobook"
	Generator="ctest-3.22.1"
	CompilerName="/usr/bin/c++"
	CompilerVersion="11.4.0"
	OSName="Linux"
	Hostname="Cam-Vivobook"
	OSRelease="6.5.0-35-generic"
	OSVersion="#35~22.04.1-Ubuntu SMP PREEMPT_DYNAMIC Tue May  7 09:00:52 UTC 2"
	OSPlatform="x86_64"
	Is64Bits="1"
	VendorString="AuthenticAMD"
	VendorID="Advanced Micro Devices"
	FamilyID="25"
	ModelID="80"
	ProcessorCacheSize="512"
	NumberOfLogicalCPU="16"
	NumberOfPhysicalCPU="8"
	TotalVirtualMemory="2047"
	TotalPhysicalMemory="15381"
	LogicalProcessorsPerPhysical="2"
	ProcessorClockFrequency="3547.65"
	>
	<Testing>
		<StartDateTime>Jun 16 23:21 EDT</StartDateTime>
		<StartTestTime>1718594501</StartTestTime>
		<TestList/>
		<EndDateTime>Jun 16 23:21 EDT</EndDateTime>
		<EndTestTime>1718594501</EndTestTime>
		<ElapsedMinutes>0</ElapsedMinutes>
	</Testing>
</Site>
